#0 building with "desktop-linux" instance using docker driver

#1 [internal] load build definition from Dockerfile
#1 transferring dockerfile: 2.49kB done
#1 DONE 0.0s

#2 [internal] load metadata for docker.io/library/ubuntu:20.04
#2 DONE 0.0s

#3 [internal] load .dockerignore
#3 transferring context: 2B done
#3 DONE 0.0s

#4 [ 1/13] FROM docker.io/library/ubuntu:20.04
#4 DONE 0.0s

#5 [ 3/13] RUN wget https://support.hdfgroup.org/ftp/HDF5/releases/hdf5-1.14/hdf5-1.14.3/src/hdf5-1.14.3.tar.gz &&     tar -xzf hdf5-1.14.3.tar.gz
#5 CACHED

#6 [ 2/13] RUN apt-get update && apt-get install -y     wget     build-essential     zlib1g-dev     python3     python3-dev     python3-pip     libopenmpi-dev     cmake     git     && rm -rf /var/lib/apt/lists/*
#6 CACHED

#7 [ 4/13] WORKDIR /hdf5-1.14.3
#7 CACHED

#8 [internal] load build context
#8 transferring context: 648B done
#8 DONE 0.0s

#9 [ 5/13] RUN ./configure --prefix=/usr/local/hdf5 --enable-shared --enable-build-mode=production CFLAGS="-march=x86-64" &&     make -j$(nproc) &&     make install &&     ldconfig
#9 1.214 checking for a BSD-compatible install... /usr/bin/install -c
#9 1.314 checking whether build environment is sane... yes
#9 1.416 checking for a race-free mkdir -p... /usr/bin/mkdir -p
#9 1.433 checking for gawk... no
#9 1.433 checking for mawk... mawk
#9 1.433 checking whether make sets $(MAKE)... yes
#9 1.554 checking whether make supports nested variables... yes
#9 1.628 checking whether make supports nested variables... (cached) yes
#9 1.629 checking whether to enable maintainer-specific portions of Makefiles... no
#9 1.689 checking build system type... x86_64-pc-linux-gnu
#9 2.144 checking host system type... x86_64-pc-linux-gnu
#9 2.250 checking shell variables initial values... done
#9 2.266 checking if basename works... yes
#9 2.278 checking if xargs works... yes
#9 2.307 checking for cached host... none
#9 2.307 checking enable warnings as errors... no
#9 2.308 checking for config x86_64-pc-linux-gnu... no
#9 2.308 checking for config x86_64-pc-linux-gnu... no
#9 2.308 checking for config pc-linux-gnu... no
#9 2.308 checking for config pc-linux-gnu... no
#9 2.308 checking for config x86_64-linux-gnu... no
#9 2.308 checking for config x86_64-linux-gnu... no
#9 2.308 checking for config x86_64-pc... no
#9 2.308 checking for config linux-gnu... found
#9 2.416 compiler 'gcc' is GNU gcc-9.4.0
#9 3.089 compiler 'gfortran' is GNU gfortran-9.4.0
#9 3.470 compiler 'g++' is GNU g++-9.4.0
#9 4.042 checking for config ./config/site-specific/host-buildkitsandbox... no
#9 4.056 checking for clang sanitizer checks... checking build mode... production
#9 4.057 checking for gcc... gcc
#9 4.363 checking whether the C compiler works... yes
#9 4.690 checking for C compiler default output file name... a.out
#9 4.716 checking for suffix of executables... 
#9 5.029 checking whether we are cross compiling... no
#9 5.362 checking for suffix of object files... o
#9 5.600 checking whether the compiler supports GNU C... yes
#9 5.830 checking whether gcc accepts -g... yes
#9 6.069 checking for gcc option to enable C11 features... none needed
#9 6.414 checking whether gcc understands -c and -o together... yes
#9 6.837 checking whether make supports the include directive... yes (GNU style)
#9 6.930 checking dependency style of gcc... gcc3
#9 7.347 checking if unsupported combinations of configure options are allowed... no
#9 7.347 checking for stdio.h... yes
#9 7.520 checking for stdlib.h... yes
#9 7.708 checking for string.h... yes
#9 7.899 checking for inttypes.h... yes
#9 8.089 checking for stdint.h... yes
#9 8.286 checking for strings.h... yes
#9 8.488 checking for sys/stat.h... yes
#9 8.699 checking for sys/types.h... yes
#9 8.893 checking for unistd.h... yes
#9 9.092 checking for off_t... yes
#9 9.608 checking for ssize_t... yes
#9 10.11 checking whether byte ordering is bigendian... no
#9 10.81 checking size of char... 1
#9 11.20 checking size of short... 2
#9 11.60 checking size of int... 4
#9 12.02 checking size of unsigned... 4
#9 12.44 checking size of long... 8
#9 12.84 checking size of long long... 8
#9 13.23 checking size of float... 4
#9 13.63 checking size of double... 8
#9 14.03 checking size of long double... 16
#9 14.43 checking if Fortran interface enabled... no
#9 14.66 checking whether the compiler supports GNU C++... yes
#9 14.90 checking whether g++ accepts -g... yes
#9 15.15 checking for g++ option to enable C++11 features... none needed
#9 15.58 checking dependency style of g++... gcc3
#9 15.99 checking how to run the C++ preprocessor... g++ -E
#9 16.51 checking if c++ interface enabled... no
#9 16.51 checking if the high-level library is enabled... yes
#9 16.51 checking whether to use new references with dimension scales... no
#9 16.51 checking for ar... ar
#9 16.51 checking whether make sets $(MAKE)... (cached) yes
#9 16.53 checking for tr... /usr/bin/tr
#9 16.53 checking if srcdir= and time commands work together... no
#9 16.56 checking if Java JNI interface enabled... no
#9 16.56 checking if building tests is disabled... yes
#9 16.56 checking if HDF5 testing intensity level is set... 3
#9 16.56 checking if building tools is enabled... yes
#9 16.56 checking if the high-level GIF tools are enabled... no
#9 16.56 checking if building doxygen is enabled... no
#9 16.56 checking if doxygen warnings as errors is enabled... FAIL_ON_WARNINGS
#9 16.57 checking how to print strings... printf
#9 16.77 checking for a sed that does not truncate output... /usr/bin/sed
#9 16.81 checking for grep that handles long lines and -e... /usr/bin/grep
#9 16.83 checking for egrep... /usr/bin/grep -E
#9 16.85 checking for fgrep... /usr/bin/grep -F
#9 16.87 checking for ld used by gcc... /usr/bin/ld
#9 16.91 checking if the linker (/usr/bin/ld) is GNU ld... yes
#9 16.93 checking for BSD- or MS-compatible name lister (nm)... /usr/bin/nm -B
#9 16.94 checking the name lister (/usr/bin/nm -B) interface... BSD nm
#9 17.16 checking whether ln -s works... yes
#9 17.16 checking the maximum length of command line arguments... 1572864
#9 17.22 checking how to convert x86_64-pc-linux-gnu file names to x86_64-pc-linux-gnu format... func_convert_file_noop
#9 17.22 checking how to convert x86_64-pc-linux-gnu file names to toolchain format... func_convert_file_noop
#9 17.22 checking for /usr/bin/ld option to reload object files... -r
#9 17.22 checking for objdump... objdump
#9 17.22 checking how to recognize dependent libraries... pass_all
#9 17.22 checking for dlltool... no
#9 17.22 checking how to associate runtime and link libraries... printf %s\n
#9 17.22 checking for archiver @FILE support... @
#9 17.51 checking for strip... strip
#9 17.51 checking for ranlib... ranlib
#9 17.51 checking command to parse /usr/bin/nm -B output from gcc object... ok
#9 18.19 checking for sysroot... no
#9 18.19 checking for a working dd... /usr/bin/dd
#9 18.25 checking how to truncate binary pipes... /usr/bin/dd bs=4096 count=1
#9 18.46 checking for mt... no
#9 18.46 checking if : is a manifest tool... no
#9 18.50 checking for dlfcn.h... yes
#9 18.73 checking for objdir... .libs
#9 19.24 checking if gcc supports -fno-rtti -fno-exceptions... no
#9 19.48 checking for gcc option to produce PIC... -fPIC -DPIC
#9 19.48 checking if gcc PIC flag -fPIC -DPIC works... yes
#9 19.69 checking if gcc static flag -static works... yes
#9 20.06 checking if gcc supports -c -o file.o... yes
#9 20.38 checking if gcc supports -c -o file.o... (cached) yes
#9 20.38 checking whether the gcc linker (/usr/bin/ld -m elf_x86_64) supports shared libraries... yes
#9 20.47 checking whether -lc should be explicitly linked in... no
#9 20.73 checking dynamic linker characteristics... GNU/Linux ld.so
#9 21.22 checking how to hardcode library paths into programs... immediate
#9 21.22 checking for shl_load... no
#9 21.62 checking for shl_load in -ldld... no
#9 21.98 checking for dlopen... no
#9 22.38 checking for dlopen in -ldl... yes
#9 22.73 checking whether a program can dlopen itself... yes
#9 23.08 checking whether a statically linked program can dlopen itself... no
#9 23.54 checking whether stripping libraries is possible... yes
#9 23.56 checking if libtool supports shared libraries... yes
#9 23.56 checking whether to build shared libraries... yes
#9 23.56 checking whether to build static libraries... yes
#9 23.58 checking if we should install only statically linked executables... no
#9 23.58 checking if -Wl,-rpath should be used to link shared libs in nondefault directories... yes
#9 23.58 checking for ceil in -lm... yes
#9 23.96 checking for dlopen in -ldl... (cached) yes
#9 23.96 checking for dirent.h... yes
#9 24.16 checking for features.h... yes
#9 24.37 checking for pwd.h... yes
#9 24.57 checking for unistd.h... (cached) yes
#9 24.57 checking for sys/file.h... yes
#9 24.79 checking for sys/ioctl.h... yes
#9 24.98 checking for sys/resource.h... yes
#9 25.18 checking for sys/stat.h... (cached) yes
#9 25.18 checking for sys/time.h... yes
#9 25.38 checking for sys/types.h... (cached) yes
#9 25.39 checking for arpa/inet.h... yes
#9 25.59 checking for netdb.h... yes
#9 25.80 checking for netinet/in.h... yes
#9 26.00 checking for sys/socket.h... yes
#9 26.20 checking if libtool needs -no-undefined flag to build shared libraries... no
#9 26.21 checking for _FILE_OFFSET_BITS value needed for large files... no
#9 26.58 checking size of int8_t... 1
#9 27.00 checking size of uint8_t... 1
#9 27.44 checking size of int_least8_t... 1
#9 27.84 checking size of uint_least8_t... 1
#9 28.24 checking size of int_fast8_t... 1
#9 28.67 checking size of uint_fast8_t... 1
#9 29.08 checking size of int16_t... 2
#9 29.48 checking size of uint16_t... 2
#9 29.92 checking size of int_least16_t... 2
#9 30.36 checking size of uint_least16_t... 2
#9 30.79 checking size of int_fast16_t... 8
#9 31.20 checking size of uint_fast16_t... 8
#9 31.60 checking size of int32_t... 4
#9 32.00 checking size of uint32_t... 4
#9 32.40 checking size of int_least32_t... 4
#9 32.84 checking size of uint_least32_t... 4
#9 33.24 checking size of int_fast32_t... 8
#9 33.65 checking size of uint_fast32_t... 8
#9 34.05 checking size of int64_t... 8
#9 34.47 checking size of uint64_t... 8
#9 34.90 checking size of int_least64_t... 8
#9 35.30 checking size of uint_least64_t... 8
#9 35.71 checking size of int_fast64_t... 8
#9 36.12 checking size of uint_fast64_t... 8
#9 36.56 checking size of bool... 1
#9 36.97 checking size of off_t... 8
#9 37.37 checking size of ptrdiff_t... 8
#9 37.77 checking size of size_t... 8
#9 38.17 checking size of ssize_t... 8
#9 38.59 checking size of time_t... 8
#9 39.10 checking if dev_t is scalar... yes
#9 39.40 checking for zlib.h... yes
#9 39.60 checking for compress2 in -lz... yes
#9 39.92 checking for compress2... yes
#9 40.26 checking for szlib.h... no
#9 40.61 checking for thread safe support... no
#9 40.62 checking for gcc options needed to detect all undeclared functions... none needed
#9 41.07 checking whether CLOCK_MONOTONIC is declared... yes
#9 41.33 checking for tm_gmtoff in struct tm... yes
#9 41.62 checking for global timezone variable... yes
#9 41.97 checking for st_blocks in struct stat... yes
#9 42.28 checking for _getvideoconfig... no
#9 42.68 checking for gettextinfo... no
#9 43.14 checking for GetConsoleScreenBufferInfo... no
#9 43.55 checking for _scrsize... no
#9 43.96 checking for ioctl... yes
#9 44.30 checking for struct videoconfig... no
#9 44.51 checking for struct text_info... no
#9 44.74 checking for TIOCGWINSZ... yes
#9 45.04 checking for TIOCGETD... yes
#9 45.33 checking for library containing clock_gettime... none required
#9 45.67 checking for alarm... yes
#9 46.00 checking for asprintf... yes
#9 46.34 checking for clock_gettime... yes
#9 46.67 checking for fcntl... yes
#9 47.01 checking for flock... yes
#9 47.34 checking for fork... yes
#9 47.67 checking for gethostname... yes
#9 48.00 checking for getrusage... yes
#9 48.34 checking for gettimeofday... yes
#9 48.68 checking for rand_r... yes
#9 49.01 checking for random... yes
#9 49.35 checking for strcasestr... yes
#9 49.70 checking for strdup... yes
#9 50.04 checking for symlink... yes
#9 50.38 checking for tmpfile... yes
#9 50.72 checking for vasprintf... yes
#9 51.06 checking for waitpid... yes
#9 51.39 checking for __attribute__ extension... yes
#9 51.62 checking enable build diagnostics... no
#9 51.62 checking enable debugging symbols... no
#9 51.62 checking enable asserts... no
#9 51.62 checking enable developer warnings... no
#9 51.62 checking profiling... no
#9 51.62 checking optimization level... high
#9 51.62 checking enable file locking... best-effort
#9 51.62 checking for internal debug output... none
#9 51.62 checking whether function stack tracking is enabled... no
#9 51.62 checking for API tracing... no
#9 51.62 checking whether a memory checking tool will be used... no
#9 51.73 checking for parallel support files... skipped
#9 51.74 checking parallel tools... no
#9 51.74 checking if the map API (H5M) is enabled... no
#9 51.74 checking if the subfiling I/O virtual file driver (VFD) is enabled... no
#9 51.76 checking whether O_DIRECT is declared... yes
#9 52.02 checking for posix_memalign... yes
#9 52.36 checking if the direct I/O virtual file driver (VFD) is enabled... no
#9 52.36 checking if the Mirror virtual file driver (VFD) is enabled... no
#9 52.36 checking if the Read-Only S3 virtual file driver (VFD) is enabled... no
#9 52.36 checking for libhdfs... suppressed
#9 52.48 checking for custom examples path definition... ${prefix}/share/hdf5_examples
#9 52.48 checking for custom plugin default path definition... /usr/local/hdf5/lib/plugin
#9 52.48 checking whether exception handling functions is checked during data conversions... yes
#9 52.48 checking whether data accuracy is guaranteed during data conversions... yes
#9 52.48 checking if the machine has window style path name... no
#9 52.49 checking if using special algorithm to convert long double to (unsigned) long values... no
#9 52.92 checking if using special algorithm to convert (unsigned) long to long double values... no
#9 53.34 checking if correctly converting long double to (unsigned) long long values... yes
#9 53.75 checking if correctly converting (unsigned) long long to long double values... yes
#9 54.15 checking if the system is IBM ppc64le and cannot correctly convert some long double values... no
#9 55.00 checking additional programs should be built... no
#9 55.00 checking if deprecated public symbols are available... yes
#9 55.00 checking which version of public symbols to use by default... v114
#9 55.00 checking whether to perform strict file format checks... no
#9 55.00 checking for pread... yes
#9 55.34 checking for pwrite... yes
#9 55.67 checking whether to use pread/pwrite instead of read/write in certain VFDs... yes
#9 55.67 checking whether to have library information embedded in the executables... yes
#9 55.71 configure: creating ./config.lt
#9 62.50 config.lt: creating libtool
#9 63.00 checking that generated files are newer than configure... done
#9 63.00 configure: creating ./config.status
#9 69.98 config.status: creating Makefile
#9 70.14 config.status: creating doxygen/Doxyfile
#9 70.33 config.status: creating src/Makefile
#9 70.51 config.status: creating src/libhdf5.settings
#9 70.69 config.status: creating src/H5build_settings.c
#9 70.92 config.status: creating test/Makefile
#9 71.10 config.status: creating test/H5srcdir_str.h
#9 71.28 config.status: creating test/test_abort_fail.sh
#9 71.47 config.status: creating test/test_check_version.sh
#9 71.65 config.status: creating test/test_error.sh
#9 71.84 config.status: creating test/test_external_env.sh
#9 72.03 config.status: creating test/test_flush_refresh.sh
#9 72.21 config.status: creating test/test_libinfo.sh
#9 72.40 config.status: creating test/test_links_env.sh
#9 72.59 config.status: creating test/test_mirror.sh
#9 72.78 config.status: creating test/test_plugin.sh
#9 72.97 config.status: creating test/test_swmr.sh
#9 73.15 config.status: creating test/test_use_cases.sh
#9 73.34 config.status: creating test/test_vds_env.sh
#9 73.53 config.status: creating test/test_vds_swmr.sh
#9 73.71 config.status: creating testpar/Makefile
#9 73.88 config.status: creating testpar/testpflush.sh
#9 74.07 config.status: creating utils/Makefile
#9 74.24 config.status: creating utils/mirror_vfd/Makefile
#9 74.41 config.status: creating utils/test/Makefile
#9 74.59 config.status: creating utils/tools/Makefile
#9 74.77 config.status: creating utils/tools/h5dwalk/Makefile
#9 74.95 config.status: creating utils/tools/test/Makefile
#9 75.12 config.status: creating utils/tools/test/h5dwalk/Makefile
#9 75.31 config.status: creating utils/tools/test/h5dwalk/copy_demo_files.sh
#9 75.52 config.status: creating utils/tools/test/h5dwalk/testh5dwalk.sh
#9 75.72 config.status: creating tools/Makefile
#9 75.89 config.status: creating tools/lib/Makefile
#9 76.07 config.status: creating tools/libtest/Makefile
#9 76.24 config.status: creating tools/src/Makefile
#9 76.42 config.status: creating tools/src/h5dump/Makefile
#9 76.59 config.status: creating tools/src/h5import/Makefile
#9 76.76 config.status: creating tools/src/h5diff/Makefile
#9 76.93 config.status: creating tools/src/h5jam/Makefile
#9 77.12 config.status: creating tools/src/h5repack/Makefile
#9 77.30 config.status: creating tools/src/h5ls/Makefile
#9 77.47 config.status: creating tools/src/h5copy/Makefile
#9 77.64 config.status: creating tools/src/misc/Makefile
#9 77.81 config.status: creating tools/src/h5stat/Makefile
#9 77.99 config.status: creating tools/test/Makefile
#9 78.16 config.status: creating tools/test/h5dump/Makefile
#9 78.37 config.status: creating tools/test/h5dump/h5dump_plugin.sh
#9 78.56 config.status: creating tools/test/h5dump/testh5dump.sh
#9 78.75 config.status: creating tools/test/h5dump/testh5dumppbits.sh
#9 78.94 config.status: creating tools/test/h5dump/testh5dumpvds.sh
#9 79.12 config.status: creating tools/test/h5dump/testh5dumpxml.sh
#9 79.31 config.status: creating tools/test/h5ls/Makefile
#9 79.48 config.status: creating tools/test/h5ls/h5ls_plugin.sh
#9 79.66 config.status: creating tools/test/h5ls/testh5ls.sh
#9 79.85 config.status: creating tools/test/h5ls/testh5lsvds.sh
#9 80.03 config.status: creating tools/test/h5import/Makefile
#9 80.20 config.status: creating tools/test/h5import/h5importtestutil.sh
#9 80.39 config.status: creating tools/test/h5diff/Makefile
#9 80.57 config.status: creating tools/test/h5diff/h5diff_plugin.sh
#9 80.78 config.status: creating tools/test/h5diff/testh5diff.sh
#9 81.03 config.status: creating tools/test/h5diff/testph5diff.sh
#9 81.22 config.status: creating tools/src/h5format_convert/Makefile
#9 81.39 config.status: creating tools/test/h5format_convert/Makefile
#9 81.57 config.status: creating tools/test/h5format_convert/testh5fc.sh
#9 81.75 config.status: creating tools/test/h5jam/Makefile
#9 81.93 config.status: creating tools/test/h5jam/testh5jam.sh
#9 82.11 config.status: creating tools/test/h5repack/Makefile
#9 82.29 config.status: creating tools/test/h5repack/h5repack.sh
#9 82.49 config.status: creating tools/test/h5repack/h5repack_plugin.sh
#9 82.69 config.status: creating tools/test/h5copy/Makefile
#9 82.86 config.status: creating tools/test/h5copy/testh5copy.sh
#9 83.05 config.status: creating tools/test/misc/Makefile
#9 83.22 config.status: creating tools/test/misc/testh5clear.sh
#9 83.40 config.status: creating tools/test/misc/testh5mkgrp.sh
#9 83.58 config.status: creating tools/test/misc/testh5repart.sh
#9 83.77 config.status: creating tools/test/misc/vds/Makefile
#9 83.94 config.status: creating tools/test/h5stat/Makefile
#9 84.10 config.status: creating tools/test/h5stat/testh5stat.sh
#9 84.29 config.status: creating tools/src/h5perf/Makefile
#9 84.47 config.status: creating tools/test/perform/Makefile
#9 84.67 config.status: creating examples/Makefile
#9 84.85 config.status: creating examples/run-c-ex.sh
#9 85.03 config.status: creating examples/testh5cc.sh
#9 85.21 config.status: creating bin/h5cc
#9 85.40 config.status: creating bin/Makefile
#9 85.57 config.status: creating c++/Makefile
#9 85.74 config.status: creating c++/src/Makefile
#9 85.91 config.status: creating c++/src/h5c++
#9 86.10 config.status: creating c++/test/Makefile
#9 86.27 config.status: creating c++/test/H5srcdir_str.h
#9 86.46 config.status: creating c++/examples/Makefile
#9 86.65 config.status: creating c++/examples/run-c++-ex.sh
#9 86.84 config.status: creating c++/examples/testh5c++.sh
#9 87.02 config.status: creating fortran/Makefile
#9 87.19 config.status: creating fortran/src/h5fc
#9 87.38 config.status: creating fortran/src/Makefile
#9 87.55 config.status: creating fortran/src/H5fort_type_defines.h
#9 87.74 config.status: creating fortran/test/Makefile
#9 87.91 config.status: creating fortran/testpar/Makefile
#9 88.10 config.status: creating fortran/examples/Makefile
#9 88.27 config.status: creating fortran/examples/run-fortran-ex.sh
#9 88.46 config.status: creating fortran/examples/testh5fc.sh
#9 88.67 config.status: creating java/Makefile
#9 88.84 config.status: creating java/src/Makefile
#9 89.02 config.status: creating java/src/jni/Makefile
#9 89.19 config.status: creating java/test/Makefile
#9 89.37 config.status: creating java/test/junit.sh
#9 89.58 config.status: creating java/examples/Makefile
#9 89.84 config.status: creating java/examples/intro/Makefile
#9 90.02 config.status: creating java/examples/intro/JavaIntroExample.sh
#9 90.20 config.status: creating java/examples/datasets/Makefile
#9 90.37 config.status: creating java/examples/datasets/JavaDatasetExample.sh
#9 90.57 config.status: creating java/examples/datatypes/Makefile
#9 90.75 config.status: creating java/examples/datatypes/JavaDatatypeExample.sh
#9 90.93 config.status: creating java/examples/groups/Makefile
#9 91.10 config.status: creating java/examples/groups/JavaGroupExample.sh
#9 91.39 config.status: creating hl/Makefile
#9 91.56 config.status: creating hl/src/Makefile
#9 91.73 config.status: creating hl/test/Makefile
#9 91.92 config.status: creating hl/test/H5srcdir_str.h
#9 92.10 config.status: creating hl/tools/Makefile
#9 92.28 config.status: creating hl/tools/gif2h5/Makefile
#9 92.45 config.status: creating hl/tools/gif2h5/h52giftest.sh
#9 92.64 config.status: creating hl/tools/h5watch/Makefile
#9 92.81 config.status: creating hl/tools/h5watch/testh5watch.sh
#9 93.00 config.status: creating hl/examples/Makefile
#9 93.18 config.status: creating hl/examples/run-hlc-ex.sh
#9 93.37 config.status: creating hl/c++/Makefile
#9 93.54 config.status: creating hl/c++/src/Makefile
#9 93.71 config.status: creating hl/c++/test/Makefile
#9 93.89 config.status: creating hl/c++/examples/Makefile
#9 94.06 config.status: creating hl/c++/examples/run-hlc++-ex.sh
#9 94.25 config.status: creating hl/fortran/Makefile
#9 94.43 config.status: creating hl/fortran/src/Makefile
#9 94.61 config.status: creating hl/fortran/test/Makefile
#9 94.78 config.status: creating hl/fortran/examples/Makefile
#9 94.95 config.status: creating hl/fortran/examples/run-hlfortran-ex.sh
#9 95.13 config.status: creating utils/subfiling_vfd/h5fuse.sh
#9 95.33 config.status: creating src/H5config.h
#9 95.47 config.status: executing pubconf commands
#9 95.47 creating src/H5pubconf.h
#9 95.51 Post process src/libhdf5.settings
#9 95.56 Post process src/H5build_settings.c
#9 95.62 config.status: executing depfiles commands
#9 158.0 config.status: executing libtool commands
#9 158.2 config.status: executing .classes commands
#9 158.3         SUMMARY OF THE HDF5 CONFIGURATION
#9 158.3         =================================
#9 158.3 
#9 158.3 General Information:
#9 158.3 -------------------
#9 158.3                    HDF5 Version: 1.14.3
#9 158.3                   Configured on: Fri Jul 19 17:12:03 UTC 2024
#9 158.3                   Configured by: root@buildkitsandbox
#9 158.3                     Host system: x86_64-pc-linux-gnu
#9 158.3               Uname information: Linux buildkitsandbox 6.6.31-linuxkit #1 SMP Thu May 23 08:36:57 UTC 2024 x86_64 x86_64 x86_64 GNU/Linux
#9 158.3                        Byte sex: little-endian
#9 158.3              Installation point: /usr/local/hdf5
#9 158.3 
#9 158.3 Compiling Options:
#9 158.3 ------------------
#9 158.3                      Build Mode: production
#9 158.3               Debugging Symbols: no
#9 158.3                         Asserts: no
#9 158.3                       Profiling: no
#9 158.3              Optimization Level: high
#9 158.3 
#9 158.3 Linking Options:
#9 158.3 ----------------
#9 158.3                       Libraries: static, shared
#9 158.3   Statically Linked Executables: 
#9 158.3                         LDFLAGS: 
#9 158.3                      H5_LDFLAGS: 
#9 158.3                      AM_LDFLAGS: 
#9 158.3                 Extra libraries: -lz -ldl -lm 
#9 158.3                        Archiver: ar
#9 158.3                        AR_FLAGS: cr
#9 158.3                          Ranlib: ranlib
#9 158.3 
#9 158.3 Languages:
#9 158.3 ----------
#9 158.3                               C: yes
#9 158.3                      C Compiler: /usr/bin/gcc
#9 158.3                        CPPFLAGS: 
#9 158.3                     H5_CPPFLAGS: -D_GNU_SOURCE -D_POSIX_C_SOURCE=200809L   -DNDEBUG -UH5_DEBUG_API -I/hdf5-1.14.3/src/H5FDsubfiling
#9 158.3                     AM_CPPFLAGS: 
#9 158.3                         C Flags: -march=x86-64
#9 158.3                      H5 C Flags:  -std=c99  -Wall -Wcast-qual -Wconversion -Wextra -Wfloat-equal -Wformat=2 -Winit-self -Winvalid-pch -Wmissing-include-dirs -Wshadow -Wundef -Wwrite-strings -pedantic -Wno-c++-compat -Wlarger-than=2560 -Wlogical-op -Wframe-larger-than=16384 -Wpacked-bitfield-compat -Wsync-nand -Wno-unsuffixed-float-constants -Wdouble-promotion -Wtrampolines -Wstack-usage=8192 -Wmaybe-uninitialized -Wdate-time -Warray-bounds=2 -Wc99-c11-compat -Wduplicated-cond -Whsa -Wnormalized -Wnull-dereference -Wunused-const-variable -Walloca -Walloc-zero -Wduplicated-branches -Wformat-overflow=2 -Wformat-truncation=1 -Wattribute-alias -Wcast-align=strict -Wshift-overflow=2 -Wattribute-alias=2 -Wmissing-profile -Wc11-c2x-compat -fstdarg-opt  -s  -Wbad-function-cast -Wcast-align -Wformat -Wimplicit-function-declaration -Wint-to-pointer-cast -Wmissing-declarations -Wmissing-prototypes -Wnested-externs -Wold-style-definition -Wpacked -Wpointer-sign -Wpointer-to-int-cast -Wredundant-decls -Wstrict-prototypes -Wswitch -Wunused-but-set-variable -Wunused-variable -Wunused-function -Wunused-parameter -Wincompatible-pointer-types -Wint-conversion -Wshadow -Wrestrict -Wcast-function-type -Wmaybe-uninitialized -Wno-aggregate-return -Wno-inline -Wno-missing-format-attribute -Wno-missing-noreturn -Wno-overlength-strings -Wno-jump-misses-init -Wstrict-overflow=2 -Wno-suggest-attribute=const -Wno-suggest-attribute=noreturn -Wno-suggest-attribute=pure -Wno-suggest-attribute=format -Wno-suggest-attribute=cold -Wno-suggest-attribute=malloc -O3
#9 158.3                      AM C Flags: 
#9 158.3                Shared C Library: yes
#9 158.3                Static C Library: yes
#9 158.3 
#9 158.3 
#9 158.3                         Fortran: no
#9 158.3 
#9 158.3                             C++: no
#9 158.3 
#9 158.3                            Java: no
#9 158.3 
#9 158.3 
#9 158.3 Features:
#9 158.3 ---------
#9 158.3                      Parallel HDF5: no
#9 158.3   Parallel Filtered Dataset Writes: no
#9 158.3                 Large Parallel I/O: no
#9 158.3                 High-level library: yes
#9 158.3 Dimension scales w/ new references: no
#9 158.3                   Build HDF5 Tests: yes
#9 158.3                   Build HDF5 Tools: yes
#9 158.3                    Build GIF Tools: no
#9 158.3                       Threadsafety: no
#9 158.3                Default API mapping: v114
#9 158.3     With deprecated public symbols: yes
#9 158.3             I/O filters (external): deflate(zlib)
#9 158.3                      Map (H5M) API: no
#9 158.3                         Direct VFD: no
#9 158.3                         Mirror VFD: no
#9 158.3                      Subfiling VFD: no
#9 158.3                 (Read-Only) S3 VFD: no
#9 158.3               (Read-Only) HDFS VFD: no
#9 158.3     Packages w/ extra debug output: none
#9 158.3                        API tracing: no
#9 158.3               Using memory checker: no
#9 158.3             Function stack tracing: no
#9 158.3                   Use file locking: best-effort
#9 158.3          Strict file format checks: no
#9 158.3       Optimization instrumentation: no
#9 158.5 Making all in src
#9 158.5 make[1]: Entering directory '/hdf5-1.14.3/src'
#9 158.6 make  all-am
#9 158.7 make[2]: Entering directory '/hdf5-1.14.3/src'
#9 158.7   CC       H5.lo
#9 158.7   CC       H5build_settings.lo
#9 158.7   CC       H5system.lo
#9 158.7   CC       H5checksum.lo
#9 158.7   CC       H5timer.lo
#9 158.7   CC       H5dbg.lo
#9 158.7   CC       H5trace.lo
#9 158.7   CC       H5Adeprec.lo
#9 158.7   CC       H5Abtree2.lo
#9 158.7   CC       H5A.lo
#9 158.7   CC       H5Adense.lo
#9 158.7   CC       H5Aint.lo
#9 160.1   CC       H5Atest.lo
#9 161.0   CC       H5AC.lo
#9 161.4   CC       H5ACdbg.lo
#9 161.4   CC       H5ACproxy_entry.lo
#9 161.4   CC       H5B.lo
#9 161.4   CC       H5Bcache.lo
#9 161.7   CC       H5Bdbg.lo
#9 161.9   CC       H5B2.lo
#9 162.4   CC       H5B2cache.lo
#9 162.8   CC       H5B2dbg.lo
#9 162.9   CC       H5B2hdr.lo
#9 163.0   CC       H5B2int.lo
#9 163.5   CC       H5B2internal.lo
#9 163.6   CC       H5B2leaf.lo
#9 164.0   CC       H5B2stat.lo
#9 164.2   CC       H5B2test.lo
#9 164.4   CC       H5C.lo
#9 164.5   CC       H5Cdbg.lo
#9 165.2   CC       H5Centry.lo
#9 165.4   CC       H5Cepoch.lo
#9 165.4   CC       H5Cimage.lo
#9 165.6   CC       H5Cint.lo
#9 165.8   CC       H5Clog.lo
#9 166.3   CC       H5Clog_json.lo
#9 166.6   CC       H5Clog_trace.lo
#9 167.0   CC       H5Cprefetched.lo
#9 167.1   CC       H5Cquery.lo
#9 167.2   CC       H5Ctag.lo
#9 167.5   CC       H5Ctest.lo
#9 167.8   CC       H5CS.lo
#9 168.0   CC       H5CX.lo
#9 168.9   CC       H5D.lo
#9 169.4   CC       H5Dbtree.lo
#9 169.4   CC       H5Dbtree2.lo
#9 169.5   CC       H5Dchunk.lo
#9 169.5   CC       H5Dcompact.lo
#9 169.7   CC       H5Dcontig.lo
#9 169.8   CC       H5Ddbg.lo
#9 169.9   CC       H5Ddeprec.lo
#9 170.0   CC       H5Dearray.lo
#9 170.1   CC       H5Defl.lo
#9 170.6   CC       H5Dfarray.lo
#9 171.3   CC       H5Dfill.lo
#9 171.8   CC       H5Dint.lo
#9 172.3   CC       H5Dio.lo
#9 172.3   CC       H5Dlayout.lo
#9 172.4   CC       H5Dnone.lo
#9 172.5   CC       H5Doh.lo
#9 172.7   CC       H5Dscatgath.lo
#9 172.9   CC       H5Dselect.lo
#9 173.0   CC       H5Dsingle.lo
#9 173.5   CC       H5Dtest.lo
#9 173.7   CC       H5Dvirtual.lo
#9 174.6   CC       H5E.lo
#9 176.2   CC       H5Edeprec.lo
#9 176.2   CC       H5Eint.lo
#9 176.2   CC       H5EA.lo
#9 176.7   CC       H5EAcache.lo
#9 176.7   CC       H5EAdbg.lo
#9 176.7   CC       H5EAdblkpage.lo
#9 176.9   CC       H5EAdblock.lo
#9 177.2   CC       H5EAhdr.lo
#9 177.7   CC       H5EAiblock.lo
#9 177.9   CC       H5EAint.lo
#9 178.3   CC       H5EAsblock.lo
#9 178.7   CC       H5EAstat.lo
#9 178.8   CC       H5EAtest.lo
#9 178.9   CC       H5ES.lo
#9 179.1   CC       H5ESevent.lo
#9 179.1   CC       H5ESint.lo
#9 179.1   CC       H5ESlist.lo
#9 179.3   CC       H5F.lo
#9 179.6   CC       H5Faccum.lo
#9 179.7   CC       H5Fcwfs.lo
#9 179.7   CC       H5Fdbg.lo
#9 180.1   CC       H5Fdeprec.lo
#9 180.5   CC       H5Fefc.lo
#9 180.8   CC       H5Ffake.lo
#9 181.3   CC       H5Fint.lo
#9 181.4   CC       H5Fio.lo
#9 181.6   CC       H5Fmount.lo
#9 181.8   CC       H5Fquery.lo
#9 182.2   CC       H5Fsfile.lo
#9 182.5   CC       H5Fspace.lo
#9 182.7   CC       H5Fsuper.lo
#9 183.0   CC       H5Fsuper_cache.lo
#9 183.1   CC       H5Ftest.lo
#9 183.6   CC       H5FA.lo
#9 183.7   CC       H5FAcache.lo
#9 183.8 In file included from /usr/include/string.h:495,
#9 183.8                  from H5private.h:35,
#9 183.8                  from H5Fint.c:22:
#9 183.8 In function 'strncpy',
#9 183.8     inlined from 'H5F__new' at H5Fint.c:1286:17:
#9 183.8 /usr/include/x86_64-linux-gnu/bits/string_fortified.h:106:10: warning: '__builtin_strncpy' output truncated before terminating nul copying as many bytes from a string as its length [-Wstringop-truncation]
#9 183.8   106 |   return __builtin___strncpy_chk (__dest, __src, __len, __bos (__dest));
#9 183.8       |          ^~~~~~~~~~~~~~~~~~~~~~~~~~~~~~~~~~~~~~~~~~~~~~~~~~~~~~~~~~~~~~
#9 183.8 H5Fint.c: In function 'H5F__new':
#9 183.8 H5Fint.c:1282:30: note: length computed here
#9 183.8  1282 |                 size_t len = strlen(mdc_log_location);
#9 183.8       |                              ^~~~~~~~~~~~~~~~~~~~~~~~
#9 183.8   CC       H5FAdbg.lo
#9 184.2   CC       H5FAdblock.lo
#9 184.5   CC       H5FAdblkpage.lo
#9 184.7   CC       H5FAhdr.lo
#9 184.7   CC       H5FAint.lo
#9 185.1   CC       H5FAstat.lo
#9 185.6   CC       H5FAtest.lo
#9 186.0   CC       H5FD.lo
#9 186.6   CC       H5FDcore.lo
#9 186.6   CC       H5FDfamily.lo
#9 186.7   CC       H5FDint.lo
#9 186.7   CC       H5FDlog.lo
#9 186.8   CC       H5FDmulti.lo
#9 187.0   CC       H5FDonion.lo
#9 187.1   CC       H5FDonion_header.lo
#9 187.2   CC       H5FDonion_history.lo
#9 187.2   CC       H5FDonion_index.lo
#9 187.4   CC       H5FDperform.lo
#9 188.4   CC       H5FDsec2.lo
#9 189.3   CC       H5FDspace.lo
#9 189.5   CC       H5FDsplitter.lo
#9 189.6   CC       H5FDstdio.lo
#9 189.7   CC       H5FDtest.lo
#9 189.7   CC       H5FL.lo
#9 189.7   CC       H5FO.lo
#9 189.8   CC       H5FS.lo
#9 190.0   CC       H5FScache.lo
#9 190.3   CC       H5FSdbg.lo
#9 190.4   CC       H5FSint.lo
#9 190.9   CC       H5FSsection.lo
#9 191.1   CC       H5FSstat.lo
#9 191.6   CC       H5FStest.lo
#9 191.7   CC       H5G.lo
#9 191.9   CC       H5Gbtree2.lo
#9 192.0   CC       H5Gcache.lo
#9 192.3   CC       H5Gcompact.lo
#9 192.5   CC       H5Gdense.lo
#9 192.6   CC       H5Gdeprec.lo
#9 192.7   CC       H5Gent.lo
#9 192.7   CC       H5Gint.lo
#9 193.0   CC       H5Glink.lo
#9 193.1   CC       H5Gloc.lo
#9 193.6   CC       H5Gname.lo
#9 194.3   CC       H5Gnode.lo
#9 194.4   CC       H5Gobj.lo
#9 194.4   CC       H5Goh.lo
#9 194.4   CC       H5Groot.lo
#9 194.7   CC       H5Gstab.lo
#9 195.2   CC       H5Gtraverse.lo
#9 195.2   CC       H5Gtest.lo
#9 195.3   CC       H5HF.lo
#9 195.3   CC       H5HFbtree2.lo
#9 195.3   CC       H5HFcache.lo
#9 195.4   CC       H5HFdbg.lo
#9 196.2   CC       H5HFdblock.lo
#9 196.6   CC       H5HFdtable.lo
#9 196.8   CC       H5HFhdr.lo
#9 197.1   CC       H5HFhuge.lo
#9 197.3   CC       H5HFiblock.lo
#9 197.4   CC       H5HFiter.lo
#9 197.6   CC       H5HFman.lo
#9 197.8   CC       H5HFsection.lo
#9 197.9   CC       H5HFspace.lo
#9 198.0   CC       H5HFstat.lo
#9 198.3   CC       H5HFtest.lo
#9 198.8   CC       H5HFtiny.lo
#9 198.8   CC       H5HG.lo
#9 198.8   CC       H5HGcache.lo
#9 199.6   CC       H5HGdbg.lo
#9 199.7   CC       H5HGquery.lo
#9 199.9   CC       H5HL.lo
#9 200.0   CC       H5HLcache.lo
#9 200.1   CC       H5HLdbg.lo
#9 200.1   CC       H5HLint.lo
#9 200.3   CC       H5HLprfx.lo
#9 200.5   CC       H5HLdblk.lo
#9 201.1   CC       H5I.lo
#9 201.5   CC       H5Idbg.lo
#9 201.6   CC       H5Iint.lo
#9 201.7   CC       H5Itest.lo
#9 201.7   CC       H5L.lo
#9 202.2   CC       H5Ldeprec.lo
#9 202.7   CC       H5Lexternal.lo
#9 202.8   CC       H5Lint.lo
#9 202.8   CC       H5M.lo
#9 203.0   CC       H5MF.lo
#9 203.1   CC       H5MFaggr.lo
#9 203.3   CC       H5MFdbg.lo
#9 204.1   CC       H5MFsection.lo
#9 204.1   CC       H5MM.lo
#9 204.6   CC       H5O.lo
#9 205.1   CC       H5Odeprec.lo
#9 205.4   CC       H5Oainfo.lo
#9 205.5   CC       H5Oalloc.lo
#9 205.6   CC       H5Oattr.lo
#9 205.7   CC       H5Oattribute.lo
#9 205.7   CC       H5Obogus.lo
#9 206.0   CC       H5Obtreek.lo
#9 206.1   CC       H5Ocache.lo
#9 206.2   CC       H5Ocache_image.lo
#9 206.8   CC       H5Ochunk.lo
#9 207.3   CC       H5Ocont.lo
#9 207.4   CC       H5Ocopy.lo
#9 207.8   CC       H5Ocopy_ref.lo
#9 208.2   CC       H5Odbg.lo
#9 208.5   CC       H5Odrvinfo.lo
#9 208.6   CC       H5Odtype.lo
#9 208.8   CC       H5Oefl.lo
#9 209.1   CC       H5Ofill.lo
#9 209.4   CC       H5Oflush.lo
#9 209.7   CC       H5Ofsinfo.lo
#9 210.0   CC       H5Oint.lo
#9 210.0   CC       H5Oginfo.lo
#9 210.2   CC       H5Olayout.lo
#9 211.1   CC       H5Olinfo.lo
#9 211.3   CC       H5Olink.lo
#9 211.4   CC       H5Omessage.lo
#9 211.6   CC       H5Omtime.lo
#9 212.3   CC       H5Oname.lo
#9 212.4   CC       H5Onull.lo
#9 212.4 ../libtool: line 1763: 15955 Illegal instruction     gcc -DHAVE_CONFIG_H -I. -I../fortran/src -D_GNU_SOURCE -D_POSIX_C_SOURCE=200809L -DNDEBUG -UH5_DEBUG_API -I/hdf5-1.14.3/src/H5FDsubfiling -std=c99 -Wall -Wcast-qual -Wconversion -Wextra -Wfloat-equal -Wformat=2 -Winit-self -Winvalid-pch -Wmissing-include-dirs -Wshadow -Wundef -Wwrite-strings -pedantic -Wno-c++-compat -Wlarger-than=2560 -Wlogical-op -Wframe-larger-than=16384 -Wpacked-bitfield-compat -Wsync-nand -Wno-unsuffixed-float-constants -Wdouble-promotion -Wtrampolines -Wstack-usage=8192 -Wmaybe-uninitialized -Wdate-time -Warray-bounds=2 -Wc99-c11-compat -Wduplicated-cond -Whsa -Wnormalized -Wnull-dereference -Wunused-const-variable -Walloca -Walloc-zero -Wduplicated-branches -Wformat-overflow=2 -Wformat-truncation=1 -Wattribute-alias -Wcast-align=strict -Wshift-overflow=2 -Wattribute-alias=2 -Wmissing-profile -Wc11-c2x-compat -fstdarg-opt -s -Wbad-function-cast -Wcast-align -Wformat -Wimplicit-function-declaration -Wint-to-pointer-cast -Wmissing-declarations -Wmissing-prototypes -Wnested-externs -Wold-style-definition -Wpacked -Wpointer-sign -Wpointer-to-int-cast -Wredundant-decls -Wstrict-prototypes -Wswitch -Wunused-but-set-variable -Wunused-variable -Wunused-function -Wunused-parameter -Wincompatible-pointer-types -Wint-conversion -Wshadow -Wrestrict -Wcast-function-type -Wmaybe-uninitialized -Wno-aggregate-return -Wno-inline -Wno-missing-format-attribute -Wno-missing-noreturn -Wno-overlength-strings -Wno-jump-misses-init -Wstrict-overflow=2 -Wno-suggest-attribute=const -Wno-suggest-attribute=noreturn -Wno-suggest-attribute=pure -Wno-suggest-attribute=format -Wno-suggest-attribute=cold -Wno-suggest-attribute=malloc -O3 -march=x86-64 -MT H5Oint.lo -MD -MP -MF .deps/H5Oint.Tpo -c H5Oint.c -o H5Oint.o > /dev/null 2>&1
#9 212.4 make[2]: *** [Makefile:1861: H5Oint.lo] Error 1
#9 212.4 make[2]: *** Waiting for unfinished jobs....
#9 214.3 make[2]: Leaving directory '/hdf5-1.14.3/src'
#9 214.3 make[1]: *** [Makefile:1349: all] Error 2
#9 214.3 make[1]: Leaving directory '/hdf5-1.14.3/src'
#9 214.3 make: *** [Makefile:730: all-recursive] Error 1
#9 ERROR: process "/bin/sh -c ./configure --prefix=$HDF5_DIR --enable-shared --enable-build-mode=production CFLAGS=\"-march=x86-64\" &&     make -j$(nproc) &&     make install &&     ldconfig" did not complete successfully: exit code: 2
------
 > [ 5/13] RUN ./configure --prefix=/usr/local/hdf5 --enable-shared --enable-build-mode=production CFLAGS="-march=x86-64" &&     make -j$(nproc) &&     make install &&     ldconfig:
211.6   CC       H5Omtime.lo
212.3   CC       H5Oname.lo
212.4   CC       H5Onull.lo
212.4 ../libtool: line 1763: 15955 Illegal instruction     gcc -DHAVE_CONFIG_H -I. -I../fortran/src -D_GNU_SOURCE -D_POSIX_C_SOURCE=200809L -DNDEBUG -UH5_DEBUG_API -I/hdf5-1.14.3/src/H5FDsubfiling -std=c99 -Wall -Wcast-qual -Wconversion -Wextra -Wfloat-equal -Wformat=2 -Winit-self -Winvalid-pch -Wmissing-include-dirs -Wshadow -Wundef -Wwrite-strings -pedantic -Wno-c++-compat -Wlarger-than=2560 -Wlogical-op -Wframe-larger-than=16384 -Wpacked-bitfield-compat -Wsync-nand -Wno-unsuffixed-float-constants -Wdouble-promotion -Wtrampolines -Wstack-usage=8192 -Wmaybe-uninitialized -Wdate-time -Warray-bounds=2 -Wc99-c11-compat -Wduplicated-cond -Whsa -Wnormalized -Wnull-dereference -Wunused-const-variable -Walloca -Walloc-zero -Wduplicated-branches -Wformat-overflow=2 -Wformat-truncation=1 -Wattribute-alias -Wcast-align=strict -Wshift-overflow=2 -Wattribute-alias=2 -Wmissing-profile -Wc11-c2x-compat -fstdarg-opt -s -Wbad-function-cast -Wcast-align -Wformat -Wimplicit-function-declaration -Wint-to-pointer-cast -Wmissing-declarations -Wmissing-prototypes -Wnested-externs -Wold-style-definition -Wpacked -Wpointer-sign -Wpointer-to-int-cast -Wredundant-decls -Wstrict-prototypes -Wswitch -Wunused-but-set-variable -Wunused-variable -Wunused-function -Wunused-parameter -Wincompatible-pointer-types -Wint-conversion -Wshadow -Wrestrict -Wcast-function-type -Wmaybe-uninitialized -Wno-aggregate-return -Wno-inline -Wno-missing-format-attribute -Wno-missing-noreturn -Wno-overlength-strings -Wno-jump-misses-init -Wstrict-overflow=2 -Wno-suggest-attribute=const -Wno-suggest-attribute=noreturn -Wno-suggest-attribute=pure -Wno-suggest-attribute=format -Wno-suggest-attribute=cold -Wno-suggest-attribute=malloc -O3 -march=x86-64 -MT H5Oint.lo -MD -MP -MF .deps/H5Oint.Tpo -c H5Oint.c -o H5Oint.o > /dev/null 2>&1
212.4 make[2]: *** [Makefile:1861: H5Oint.lo] Error 1
212.4 make[2]: *** Waiting for unfinished jobs....
214.3 make[2]: Leaving directory '/hdf5-1.14.3/src'
214.3 make[1]: *** [Makefile:1349: all] Error 2
214.3 make[1]: Leaving directory '/hdf5-1.14.3/src'
214.3 make: *** [Makefile:730: all-recursive] Error 1
------
Dockerfile:29
--------------------
  28 |     WORKDIR /hdf5-${HDF5_VERSION}
  29 | >>> RUN ./configure --prefix=$HDF5_DIR --enable-shared --enable-build-mode=production CFLAGS="-march=x86-64" && \
  30 | >>>     make -j$(nproc) && \
  31 | >>>     make install && \
  32 | >>>     ldconfig
  33 |     
--------------------
ERROR: failed to solve: process "/bin/sh -c ./configure --prefix=$HDF5_DIR --enable-shared --enable-build-mode=production CFLAGS=\"-march=x86-64\" &&     make -j$(nproc) &&     make install &&     ldconfig" did not complete successfully: exit code: 2

View build details: docker-desktop://dashboard/build/desktop-linux/desktop-linux/2b6zdiirfggcyb56am2yd54w8
